<?xml version="1.0" encoding="UTF-8"?>
<!-- Generated by org.testng.reporters.JUnitReportReporter -->
<testsuite hostname="DESKTOP-65MS6DN" failures="0" tests="2" name="com.test.attributes.enabled" time="0.014" errors="0" timestamp="29 Jun 2024 07:07:40 GMT" skipped="1">
  <testcase classname="com.test.attributes.enabled" name="Test2" time="0.014"/>
  <testcase classname="com.test.attributes.enabled" name="Test1">
    <skipped/>
  </testcase> <!-- Test1 -->
</testsuite> <!-- com.test.attributes.enabled -->
