<?xml version="1.0" encoding="UTF-8"?>
<!-- Generated by org.testng.reporters.JUnitReportReporter -->
<testsuite hostname="DESKTOP-65MS6DN" failures="0" tests="3" name="com.test.attributes.dependsOnMethod" time="0.012" errors="0" timestamp="29 Jun 2024 07:07:40 GMT" skipped="0">
  <testcase classname="com.test.attributes.dependsOnMethod" name="Test3" time="0.006"/>
  <testcase classname="com.test.attributes.dependsOnMethod" name="Test1" time="0.004"/>
  <testcase classname="com.test.attributes.dependsOnMethod" name="Test2" time="0.002"/>
</testsuite> <!-- com.test.attributes.dependsOnMethod -->
