<?xml version="1.0" encoding="UTF-8"?>
<!-- Generated by org.testng.reporters.JUnitReportReporter -->
<testsuite hostname="DESKTOP-65MS6DN" failures="0" tests="1" name="com.test.attributes.Priority" time="0.012" errors="0" timestamp="17 Jun 2024 04:54:16 GMT" skipped="0">
  <testcase classname="com.test.attributes.Priority" name="Testkt" time="0.012"/>
</testsuite> <!-- com.test.attributes.Priority -->
