<?xml version="1.0" encoding="UTF-8"?>
<!-- Generated by org.testng.reporters.JUnitReportReporter -->
<testsuite hostname="DESKTOP-65MS6DN" failures="0" tests="4" name="com.test.groups.GroupsSample" time="0.013" errors="0" timestamp="17 Jun 2024 06:53:54 GMT" skipped="0">
  <testcase classname="com.test.groups.GroupsSample" name="login2" time="0.001"/>
  <testcase classname="com.test.groups.GroupsSample" name="login1" time="0.001"/>
  <testcase classname="com.test.groups.GroupsSample" name="PDP1" time="0.009"/>
  <testcase classname="com.test.groups.GroupsSample" name="PDP2" time="0.002"/>
</testsuite> <!-- com.test.groups.GroupsSample -->
