<?xml version="1.0" encoding="UTF-8"?>
<!-- Generated by org.testng.reporters.JUnitReportReporter -->
<testsuite hostname="DESKTOP-65MS6DN" failures="0" tests="4" name="com.test.attributes.ThreadPoolSize" time="53.140" errors="0" timestamp="17 Jun 2024 05:34:52 GMT" skipped="0">
  <testcase classname="com.test.attributes.ThreadPoolSize" name="login" time="13.581"/>
  <testcase classname="com.test.attributes.ThreadPoolSize" name="login" time="12.992"/>
  <testcase classname="com.test.attributes.ThreadPoolSize" name="login" time="12.878"/>
  <testcase classname="com.test.attributes.ThreadPoolSize" name="login" time="13.689"/>
</testsuite> <!-- com.test.attributes.ThreadPoolSize -->
