<?xml version="1.0" encoding="UTF-8"?>
<!-- Generated by org.testng.reporters.JUnitReportReporter -->
<testsuite hostname="DESKTOP-65MS6DN" failures="0" tests="1" name="com.test.attributes.InvocationCountAndTimeOut" time="0.618" errors="0" timestamp="29 Jun 2024 07:28:37 GMT" skipped="0">
  <testcase classname="com.test.attributes.InvocationCountAndTimeOut" name="login" time="0.618"/>
</testsuite> <!-- com.test.attributes.InvocationCountAndTimeOut -->
