<?xml version="1.0" encoding="UTF-8"?>
<!-- Generated by org.testng.reporters.JUnitReportReporter -->
<testsuite hostname="DESKTOP-65MS6DN" failures="0" tests="2" name="com.test.dataprovider.DataProviderSample" time="24.046" errors="0" timestamp="17 Jun 2024 06:46:49 GMT" skipped="0">
  <testcase classname="com.test.dataprovider.DataProviderSample" name="fblogin" time="12.238"/>
  <testcase classname="com.test.dataprovider.DataProviderSample" name="fblogin" time="11.808"/>
</testsuite> <!-- com.test.dataprovider.DataProviderSample -->
