<?xml version="1.0" encoding="UTF-8"?>
<!-- Generated by org.testng.reporters.JUnitReportReporter -->
<testsuite hostname="DESKTOP-65MS6DN" failures="0" tests="1" name="com.test.attributes.timeOut" time="9.910" errors="0" timestamp="17 Jun 2024 05:25:51 GMT" skipped="0">
  <testcase classname="com.test.attributes.timeOut" name="login" time="9.910"/>
</testsuite> <!-- com.test.attributes.timeOut -->
