<?xml version="1.0" encoding="UTF-8"?>
<!-- Generated by org.testng.reporters.JUnitReportReporter -->
<testsuite hostname="DESKTOP-65MS6DN" failures="0" tests="1" name="com.testng.extentreports.TestngExtentReports" time="11.971" errors="0" timestamp="24 Jun 2024 07:28:25 GMT" skipped="0">
  <testcase classname="com.testng.extentreports.TestngExtentReports" name="sample" time="11.971"/>
</testsuite> <!-- com.testng.extentreports.TestngExtentReports -->
