<?xml version="1.0" encoding="UTF-8"?>
<!-- Generated by org.testng.reporters.JUnitReportReporter -->
<testsuite hostname="DESKTOP-65MS6DN" failures="0" tests="3" name="com.test.annotations.SampleAnnotations" time="0.015" errors="0" timestamp="17 Jun 2024 04:23:48 GMT" skipped="0">
  <testcase classname="com.test.annotations.SampleAnnotations" name="Test1" time="0.007"/>
  <testcase classname="com.test.annotations.SampleAnnotations" name="Test2" time="0.005"/>
  <testcase classname="com.test.annotations.SampleAnnotations" name="Test3" time="0.003"/>
</testsuite> <!-- com.test.annotations.SampleAnnotations -->
