<?xml version="1.0" encoding="UTF-8"?>
<!-- Generated by org.testng.reporters.JUnitReportReporter -->
<testsuite hostname="DESKTOP-65MS6DN" failures="0" tests="1" name="com.test.assertion.verify.HardAssertion" time="0.013" errors="0" timestamp="17 Jun 2024 06:11:24 GMT" skipped="0">
  <testcase classname="com.test.assertion.verify.HardAssertion" name="assertMethod" time="0.013"/>
</testsuite> <!-- com.test.assertion.verify.HardAssertion -->
