<?xml version="1.0" encoding="UTF-8"?>
<!-- Generated by org.testng.reporters.JUnitReportReporter -->
<testsuite hostname="DESKTOP-65MS6DN" failures="0" tests="2" name="com.test.attributes.InvocationCount" time="17.494" errors="0" timestamp="17 Jun 2024 05:30:17 GMT" skipped="0">
  <testcase classname="com.test.attributes.InvocationCount" name="login" time="8.625"/>
  <testcase classname="com.test.attributes.InvocationCount" name="login" time="8.869"/>
</testsuite> <!-- com.test.attributes.InvocationCount -->
