<?xml version="1.0" encoding="UTF-8"?>
<!-- Generated by org.testng.reporters.JUnitReportReporter -->
<testsuite hostname="DESKTOP-65MS6DN" failures="0" tests="1" name="com.test.parameters.Parametersample" time="9.979" errors="0" timestamp="17 Jun 2024 06:42:08 GMT" skipped="0">
  <testcase classname="com.test.parameters.Parametersample" name="datasend" time="9.979"/>
</testsuite> <!-- com.test.parameters.Parametersample -->
