<?xml version="1.0" encoding="UTF-8"?>
<!-- Generated by org.testng.reporters.JUnitReportReporter -->
<testsuite hostname="DESKTOP-65MS6DN" failures="0" tests="1" name="testng.listeners.UnknownFailureTest" time="0.012" errors="0" timestamp="30 Jun 2024 04:54:26 GMT" skipped="0">
  <testcase classname="testng.listeners.UnknownFailureTest" name="FailureTest" time="0.012"/>
</testsuite> <!-- testng.listeners.UnknownFailureTest -->
