<?xml version="1.0" encoding="UTF-8"?>
<!-- Generated by org.testng.reporters.JUnitReportReporter -->
<testsuite hostname="DESKTOP-65MS6DN" failures="0" tests="1" name="com.test.attributes.Descriptions" time="0.011" errors="0" timestamp="17 Jun 2024 05:02:42 GMT" skipped="0">
  <testcase classname="com.test.attributes.Descriptions" name="Test" time="0.011"/>
</testsuite> <!-- com.test.attributes.Descriptions -->
